<?xml version="1.0" encoding="UTF-8"?>
<testng-results ignored="0" total="1" passed="1" failed="0" skipped="0">
  <reporter-output>
  </reporter-output>
  <suite started-at="2024-05-17T16:12:39 IST" name="Default suite" finished-at="2024-05-17T16:12:41 IST" duration-ms="1871">
    <groups>
    </groups>
    <test started-at="2024-05-17T16:12:39 IST" name="Default test" finished-at="2024-05-17T16:12:41 IST" duration-ms="1871">
      <class name="files.RSA">
        <test-method signature="token()[pri:0, instance:files.RSA@6e0f5f7f]" started-at="2024-05-17T16:12:39 IST" name="token" finished-at="2024-05-17T16:12:41 IST" duration-ms="1841" status="PASS">
          <reporter-output>
          </reporter-output>
        </test-method> <!-- token -->
      </class> <!-- files.RSA -->
    </test> <!-- Default test -->
  </suite> <!-- Default suite -->
</testng-results>
