<?xml version="1.0" encoding="UTF-8"?>
<testng-results ignored="0" total="1" passed="1" failed="0" skipped="0">
  <reporter-output>
  </reporter-output>
  <suite started-at="2024-05-23T12:12:50 IST" name="Default suite" finished-at="2024-05-23T12:12:52 IST" duration-ms="1571">
    <groups>
    </groups>
    <test started-at="2024-05-23T12:12:50 IST" name="Default test" finished-at="2024-05-23T12:12:52 IST" duration-ms="1571">
      <class name="Virsec.test">
        <test-method signature="test()[pri:0, instance:Virsec.test@6e0f5f7f]" started-at="2024-05-23T12:12:50 IST" name="test" finished-at="2024-05-23T12:12:52 IST" duration-ms="1547" status="PASS">
          <reporter-output>
          </reporter-output>
        </test-method> <!-- test -->
      </class> <!-- Virsec.test -->
    </test> <!-- Default test -->
  </suite> <!-- Default suite -->
</testng-results>
